C51 COMPILER V9.56.0.0   IIC                                                               02/06/2023 09:35:12 PAGE 1   


C51 COMPILER V9.56.0.0, COMPILATION OF MODULE IIC
OBJECT MODULE PLACED IN .\Objects\iic.obj
COMPILER INVOKED BY: D:\keil-5\C51\BIN\C51.EXE iic.c OPTIMIZE(8,SPEED) BROWSE DEBUG OBJECTEXTEND PRINT(.\Listings\iic.ls
                    -t) TABS(2) OBJECT(.\Objects\iic.obj)

line level    source

   1          /*
   2            程序说明: IIC总线驱动程序
   3            软件环境: Keil uVision 4.10 
   4            硬件环境: CT107单片机综合实训平台 8051，12MHz
   5            日    期: 2011-8-9
   6          */
   7          
   8          #include <STC15F2K60S2.h>
   9          #include "intrins.h"
  10          
  11          #define DELAY_TIME 50
  12          
  13          #define SlaveAddrW 0xA0
  14          #define SlaveAddrR 0xA1
  15          
  16          //总线引脚定义
  17          sbit SDA = P2 ^ 1; /* 数据线 */
  18          sbit SCL = P2 ^ 0; /* 时钟线 */
  19          
  20          void IIC_Delay(unsigned char i)
  21          {
  22   1          do
  23   1          {
  24   2              _nop_();
  25   2          } while (i--);
  26   1      }
  27          //总线启动条件
  28          void IIC_Start(void)
  29          {
  30   1          SDA = 1;
  31   1          SCL = 1;
  32   1          IIC_Delay(DELAY_TIME);
  33   1          SDA = 0;
  34   1          IIC_Delay(DELAY_TIME);
  35   1          SCL = 0;
  36   1      }
  37          
  38          //总线停止条件
  39          void IIC_Stop(void)
  40          {
  41   1          SDA = 0;
  42   1          SCL = 1;
  43   1          IIC_Delay(DELAY_TIME);
  44   1          SDA = 1;
  45   1          IIC_Delay(DELAY_TIME);
  46   1      }
  47          
  48          //发送应答
  49          void IIC_SendAck(bit ackbit)
  50          {
  51   1          SCL = 0;
  52   1          SDA = ackbit; // 0：应答，1：非应答
  53   1          IIC_Delay(DELAY_TIME);
  54   1          SCL = 1;
C51 COMPILER V9.56.0.0   IIC                                                               02/06/2023 09:35:12 PAGE 2   

  55   1          IIC_Delay(DELAY_TIME);
  56   1          SCL = 0;
  57   1          SDA = 1;
  58   1          IIC_Delay(DELAY_TIME);
  59   1      }
  60          
  61          //等待应答
  62          bit IIC_WaitAck(void)
  63          {
  64   1          bit ackbit;
  65   1      
  66   1          SCL = 1;
  67   1          IIC_Delay(DELAY_TIME);
  68   1          ackbit = SDA;
  69   1          SCL = 0;
  70   1          IIC_Delay(DELAY_TIME);
  71   1          return ackbit;
  72   1      }
  73          
  74          //通过I2C总线发送数据
  75          void IIC_SendByte(unsigned char byt)
  76          {
  77   1          unsigned char i;
  78   1      
  79   1          for (i = 0; i < 8; i++)
  80   1          {
  81   2              SCL = 0;
  82   2              IIC_Delay(DELAY_TIME);
  83   2              if (byt & 0x80)
  84   2                  SDA = 1;
  85   2              else
  86   2                  SDA = 0;
  87   2              IIC_Delay(DELAY_TIME);
  88   2              SCL = 1;
  89   2              byt <<= 1;
  90   2              IIC_Delay(DELAY_TIME);
  91   2          }
  92   1          SCL = 0;
  93   1      }
  94          
  95          //从I2C总线上接收数据
  96          unsigned char IIC_RecByte(void)
  97          {
  98   1          unsigned char i, da;
  99   1          for (i = 0; i < 8; i++)
 100   1          {
 101   2              SCL = 1;
 102   2              IIC_Delay(DELAY_TIME);
 103   2              da <<= 1;
 104   2              if (SDA)
 105   2                  da |= 1;
 106   2              SCL = 0;
 107   2              IIC_Delay(DELAY_TIME);
 108   2          }
 109   1          return da;
 110   1      }
 111          
 112          //写入
 113          void write_24C02(unsigned char add, unsigned char data1)
 114          {
 115   1          IIC_Start();
 116   1          IIC_SendByte(SlaveAddrW);
C51 COMPILER V9.56.0.0   IIC                                                               02/06/2023 09:35:12 PAGE 3   

 117   1          IIC_WaitAck();
 118   1          IIC_SendByte(add);
 119   1          IIC_WaitAck();
 120   1          IIC_SendByte(data1);
 121   1          ;
 122   1          IIC_WaitAck();
 123   1          IIC_Stop();
 124   1      }
 125          
 126          //读取
 127          unsigned char read_24C02(unsigned char add)
 128          {
 129   1          unsigned char temp;
 130   1          IIC_Start();
 131   1          IIC_SendByte(SlaveAddrW);
 132   1          IIC_WaitAck();
 133   1          IIC_SendByte(add);
 134   1          IIC_WaitAck();
 135   1      
 136   1          IIC_Start();
 137   1          IIC_SendByte(SlaveAddrR);
 138   1          IIC_WaitAck();
 139   1          temp = IIC_RecByte();
 140   1          IIC_Stop();
 141   1          return temp;
 142   1      }
 143          
 144          //初始化
 145          void AD_Init(void)
 146          {
 147   1          IIC_Start();
 148   1          IIC_SendByte(0x90);
 149   1          IIC_WaitAck();
 150   1          IIC_SendByte(0x03); //选择RB2
 151   1          IIC_WaitAck();
 152   1          IIC_Stop();
 153   1      }
 154          
 155          //读取
 156          unsigned char AD_Get(void)
 157          {
 158   1          unsigned char temp = 0;
 159   1          IIC_Start();
 160   1          IIC_SendByte(0x91);
 161   1          IIC_WaitAck();
 162   1          temp = IIC_RecByte();
 163   1          return temp;
 164   1      }


MODULE INFORMATION:   STATIC OVERLAYABLE
   CODE SIZE        =    260    ----
   CONSTANT SIZE    =   ----    ----
   XDATA SIZE       =   ----    ----
   PDATA SIZE       =   ----    ----
   DATA SIZE        =   ----    ----
   IDATA SIZE       =   ----    ----
   BIT SIZE         =   ----       2
END OF MODULE INFORMATION.


C51 COMPILATION COMPLETE.  0 WARNING(S),  0 ERROR(S)
